<?xml version="1.0" encoding="UTF-8"?>
<testng-results ignored="0" total="2" passed="2" failed="0" skipped="0">
  <reporter-output>
  </reporter-output>
  <suite started-at="2023-01-25T09:55:50 IST" name="Default suite" finished-at="2023-01-25T09:55:56 IST" duration-ms="6150">
    <groups>
    </groups>
    <test started-at="2023-01-25T09:55:50 IST" name="Default test" finished-at="2023-01-25T09:55:56 IST" duration-ms="6150">
      <class name="TestNg.ParallelTest">
        <test-method signature="openBing()[pri:0, instance:TestNg.ParallelTest@3ee37e5a]" started-at="2023-01-25T09:55:50 IST" name="openBing" finished-at="2023-01-25T09:55:54 IST" duration-ms="3322" status="PASS">
          <reporter-output>
          </reporter-output>
        </test-method> <!-- openBing -->
        <test-method signature="openGoogle()[pri:0, instance:TestNg.ParallelTest@3ee37e5a]" started-at="2023-01-25T09:55:54 IST" name="openGoogle" finished-at="2023-01-25T09:55:56 IST" duration-ms="2773" status="PASS">
          <reporter-output>
          </reporter-output>
        </test-method> <!-- openGoogle -->
      </class> <!-- TestNg.ParallelTest -->
    </test> <!-- Default test -->
  </suite> <!-- Default suite -->
</testng-results>
